<?xml version="1.0" encoding="UTF-8"?>
<!-- Generated by org.testng.reporters.JUnitXMLReporter -->
<testsuite ignored="0" hostname="DESKTOP-QKHE2PN" failures="1" tests="3" name="test2" time="6.755" errors="0" timestamp="2024-11-08T08:15:02 IST">
  <testcase classname="testngbasics.CheckTestcase3" name="displayButton" time="0.108"/>
  <testcase classname="testngbasics.VerifyColour" name="verifyButtontext" time="0.16">
    <failure type="java.lang.AssertionError" message="The following asserts failed:
	expected [Autoclosable success1] but found [Autoclosable success]">
      <![CDATA[java.lang.AssertionError: The following asserts failed:
expected [Autoclosable success1] but found [Autoclosable success]
at testngbasics.VerifyColour.verifyButtontext(VerifyColour.java:56)
at java.base/java.util.concurrent.Executors$RunnableAdapter.call(Executors.java:572)
at java.base/java.util.concurrent.FutureTask.run(FutureTask.java:317)
at java.base/java.util.concurrent.ThreadPoolExecutor.runWorker(ThreadPoolExecutor.java:1144)
at java.base/java.util.concurrent.ThreadPoolExecutor$Worker.run(ThreadPoolExecutor.java:642)
at java.base/java.lang.Thread.run(Thread.java:1570)
... Removed 13 stack frames]]>
    </failure>
  </testcase> <!-- verifyButtontext -->
  <testcase classname="testngbasics.CheckTestcase3" name="verifyButtontext" time="0.091"/>
</testsuite> <!-- test2 -->
