<?xml version="1.0" encoding="UTF-8"?>
<!-- Generated by org.testng.reporters.JUnitXMLReporter -->
<testsuite ignored="0" hostname="DESKTOP-QKHE2PN" failures="1" tests="3" name="test1" time="7.116" errors="0" timestamp="2024-11-08T08:14:55 IST">
  <testcase classname="testngbasics.BasicAnnotations" name="test1" time="0.058"/>
  <testcase classname="testngbasics.BasicTestCase1" name="verifySignin" time="0.11"/>
  <testcase classname="testngbasics.BasicTestCase1" name="verifyTabtitle" time="0.031">
    <failure type="java.lang.AssertionError" message="expected [Online Shopping site in India: Shop Online for Mobiles, Books, Watches, Shoes and More - Amazon.in] but found [Amazon.in]">
      <![CDATA[java.lang.AssertionError: expected [Online Shopping site in India: Shop Online for Mobiles, Books, Watches, Shoes and More - Amazon.in] but found [Amazon.in]
at testngbasics.BasicTestCase1.verifyTabtitle(BasicTestCase1.java:38)
at java.base/java.util.concurrent.Executors$RunnableAdapter.call(Executors.java:572)
at java.base/java.util.concurrent.FutureTask.run(FutureTask.java:317)
at java.base/java.util.concurrent.ThreadPoolExecutor.runWorker(ThreadPoolExecutor.java:1144)
at java.base/java.util.concurrent.ThreadPoolExecutor$Worker.run(ThreadPoolExecutor.java:642)
at java.base/java.lang.Thread.run(Thread.java:1570)
... Removed 17 stack frames]]>
    </failure>
  </testcase> <!-- verifyTabtitle -->
</testsuite> <!-- test1 -->
